<?xml version="1.0" encoding="UTF-8"?>
<!-- Generated by org.testng.reporters.JUnitXMLReporter -->
<testsuite ignored="0" hostname="LAPTOP-CS5SNTU8" failures="1" tests="2" name="Test" time="11.74" errors="0" timestamp="2024-04-20T20:00:08 EDT">
  <testcase classname="TestNGTests.Assertions" name="testPass" time="9.492"/>
  <testcase classname="TestNGTests.Assertions" name="testFail" time="2.019">
    <failure type="java.lang.AssertionError" message="expected [Welcome: Mercury Tours] but found [hdwqhdjk: Mercury Tours]">
      <![CDATA[java.lang.AssertionError: expected [Welcome: Mercury Tours] but found [hdwqhdjk: Mercury Tours]
at TestNGTests.Assertions.testFail(Assertions.java:29)
at java.base/java.util.ArrayList.forEach(ArrayList.java:1511)
... Removed 33 stack frames]]>
    </failure>
  </testcase> <!-- testFail -->
</testsuite> <!-- Test -->
